--------------------------------------------------------------------------------------------------------------------------------------
MyEclipse: deployment START exploded project: wabacus-demo server: websphere8Server#App8Srv01 time: Mon Jul 29 14:02:21 GMT+08:00 2013
--------------------------------------------------------------------------------------------------------------------------------------
--------------------------------------------------------------------------------------------------------------------------------------
MyEclipse: deployment START exploded project: wabacus-demo server: websphere8Server#App8Srv01 time: Mon Jul 29 14:03:38 GMT+08:00 2013
--------------------------------------------------------------------------------------------------------------------------------------
WASX7209I: 已使用 SOAP 连接器连接到节点 win2003Node01 上的进程“server1”；进程的类型为：UnManagedProcess
WASX7303I: 已将下列选项传递至脚本编制环境，它们将作为参数存储在 argv 变量中：“[server1, wabacus-demo]”。
server1
wabacus-demo
WASX7017E: 运行文件“D:\eclipseZone\MyEclipseBlue10\plugins\com.genuitec.eclipse.blue.websphere8_9.0.0.me201211011550\restartApplication.jacl”时接收到异常；异常信息：javax.management.MBeanException
com.ibm.ws.exception.RuntimeWarning: Application wabacus-demo not started

---------------------------------------------------------------------------------------------------------------------------
MyEclipse: deployment END project: wabacus-demo server: websphere8Server#App8Srv01 time: Mon Jul 29 14:03:57 GMT+08:00 2013
---------------------------------------------------------------------------------------------------------------------------
--------------------------------------------------------------------------------------------------------------------------------------
MyEclipse: deployment START exploded project: wabacus-demo server: websphere8Server#App8Srv01 time: Mon Jul 29 14:05:01 GMT+08:00 2013
--------------------------------------------------------------------------------------------------------------------------------------
WASX7246E: 由于认证失败，因此无法与主机“localhost”建立“SOAP”连接。请确保命令行或属性文件提供的用户和密码正确。
异常消息（如有）：“ADMN0022E: 由于凭证不足或凭证为空，无法对 Server MBean 的 getProcessType 操作进行访问。”
WASX7213I: 此脚本编制客户机未连接到服务器进程；请参阅日志文件 D:\IBM\profiles\App8Srv01\logs\wsadmin.traceout 以了解其他信息。
WASX8011W: AdminTask 对象不可用。
WASX7303I: 已将下列选项传递至脚本编制环境，它们将作为参数存储在 argv 变量中：“[wabacus-demo]”。
wabacus-demo
WASX7017E: 运行文件“D:\eclipseZone\MyEclipseBlue10\plugins\com.genuitec.eclipse.blue.websphere8_9.0.0.me201211011550\uninstallApplication.jacl”时接收到异常；异常信息：com.ibm.ws.scripting.ScriptingException: WASX7206W: 应用程序管理服务未处于运行状态。应用程序管理命令将不会运行。

---------------------------------------------------------------------------------------------------------------------------
MyEclipse: deployment END project: wabacus-demo server: websphere8Server#App8Srv01 time: Mon Jul 29 14:05:10 GMT+08:00 2013
---------------------------------------------------------------------------------------------------------------------------
--------------------------------------------------------------------------------------------------------------------------------------
MyEclipse: deployment START exploded project: wabacus-demo server: websphere8Server#App8Srv01 time: Mon Jul 29 14:05:24 GMT+08:00 2013
--------------------------------------------------------------------------------------------------------------------------------------
WASX7357I: 根据请求，此脚本编制客户机未连接到任何服务器进程。以本地方式下，某些配置和应用程序操作可用。
WASX7303I: 已将下列选项传递至脚本编制环境，它们将作为参数存储在 argv 变量中：“[wabacus-demo]”。
wabacus-demo
WASX7017E: 运行文件“D:\eclipseZone\MyEclipseBlue10\plugins\com.genuitec.eclipse.blue.websphere8_9.0.0.me201211011550\uninstallApplication.jacl”时接收到异常；异常信息：com.ibm.ws.scripting.ScriptingException: WASX7280E: 不存在名为“wabacus-demo”的应用程序。

--------------------------------------------------------------------------------------------------------------------------------------
MyEclipse: deployment START exploded project: wabacus-demo server: websphere8Server#App8Srv01 time: Mon Jul 29 14:05:40 GMT+08:00 2013
--------------------------------------------------------------------------------------------------------------------------------------
WASX7357I: 根据请求，此脚本编制客户机未连接到任何服务器进程。以本地方式下，某些配置和应用程序操作可用。
WASX7303I: 已将下列选项传递至脚本编制环境，它们将作为参数存储在 argv 变量中：“[wabacus-demo]”。
wabacus-demo
WASX7017E: 运行文件“D:\eclipseZone\MyEclipseBlue10\plugins\com.genuitec.eclipse.blue.websphere8_9.0.0.me201211011550\uninstallApplication.jacl”时接收到异常；异常信息：com.ibm.ws.scripting.ScriptingException: WASX7280E: 不存在名为“wabacus-demo”的应用程序。

---------------------------------------------------------------------------------------------------------------------------
MyEclipse: deployment END project: wabacus-demo server: websphere8Server#App8Srv01 time: Mon Jul 29 14:05:44 GMT+08:00 2013
---------------------------------------------------------------------------------------------------------------------------
--------------------------------------------------------------------------------------------------------------------------------------
MyEclipse: deployment START exploded project: wabacus-demo server: websphere61Server#AppSrv02 time: Mon Jul 29 14:06:20 GMT+08:00 2013
--------------------------------------------------------------------------------------------------------------------------------------
--------------------------------------------------------------------------------------------------------------------------------------
MyEclipse: deployment START exploded project: wabacus-demo server: websphere61Server#AppSrv02 time: Mon Jul 29 14:08:48 GMT+08:00 2013
--------------------------------------------------------------------------------------------------------------------------------------
--------------------------------------------------------------------------------------------------------------------------------------
MyEclipse: deployment START exploded project: wabacus-demo server: websphere61Server#AppSrv02 time: Mon Jul 29 14:09:04 GMT+08:00 2013
--------------------------------------------------------------------------------------------------------------------------------------
WASX7209I: 使用 SOAP 连接器连接到节点 win2003Node01 上的进程“server1”；进程的类型为：UnManagedProcess
WASX7303I: 已将下列选项传递给脚本编制环境，并且作为存储在 argv 变量“[wabacus-demo]”中的参数提供
wabacus-demo
WASX7017E: 运行文件“D:\eclipseZone\MyEclipseBlue10\plugins\com.genuitec.eclipse.blue.websphere61_9.0.0.me201211011550\uninstallApplication.jacl”时接收到异常；异常信息：com.ibm.ws.scripting.ScriptingException: WASX7280E: 不存在名称为“wabacus-demo”的应用程序。

---------------------------------------------------------------------------------------------------------------------------
MyEclipse: deployment END project: wabacus-demo server: websphere61Server#AppSrv02 time: Mon Jul 29 14:09:09 GMT+08:00 2013
---------------------------------------------------------------------------------------------------------------------------
--------------------------------------------------------------------------------------------------------------------------------------
MyEclipse: deployment START exploded project: wabacus-demo server: websphere61Server#AppSrv02 time: Mon Jul 29 14:09:25 GMT+08:00 2013
--------------------------------------------------------------------------------------------------------------------------------------
--------------------------------------------------------------------------------------------------------------------------------------
MyEclipse: deployment START exploded project: wabacus-demo server: websphere61Server#AppSrv02 time: Mon Jul 29 14:09:34 GMT+08:00 2013
--------------------------------------------------------------------------------------------------------------------------------------
WASX7209I: 使用 SOAP 连接器连接到节点 win2003Node01 上的进程“server1”；进程的类型为：UnManagedProcess
WASX7303I: 已将下列选项传递给脚本编制环境，并且作为存储在 argv 变量“[server1, wabacus-demo]”中的参数提供
server1
wabacus-demo
WASX7017E: 运行文件“D:\eclipseZone\MyEclipseBlue10\plugins\com.genuitec.eclipse.blue.websphere61_9.0.0.me201211011550\restartApplication.jacl”时接收到异常；异常信息：javax.management.MBeanException
com.ibm.ws.exception.RuntimeWarning: Application wabacus-demo not started

---------------------------------------------------------------------------------------------------------------------------
MyEclipse: deployment END project: wabacus-demo server: websphere61Server#AppSrv02 time: Mon Jul 29 14:09:38 GMT+08:00 2013
---------------------------------------------------------------------------------------------------------------------------
--------------------------------------------------------------------------------------------------------------------------------------
MyEclipse: deployment START exploded project: wabacus-demo server: websphere61Server#AppSrv02 time: Mon Jul 29 14:10:18 GMT+08:00 2013
--------------------------------------------------------------------------------------------------------------------------------------
WASX7357I: 根据请求，此脚本编制客户机未连接到任何服务器进程。特定的配置和应用程序操作以本地方式可用。
WASX7303I: 已将下列选项传递给脚本编制环境，并且作为存储在 argv 变量“[wabacus-demo]”中的参数提供
wabacus-demo
WASX7017E: 运行文件“D:\eclipseZone\MyEclipseBlue10\plugins\com.genuitec.eclipse.blue.websphere61_9.0.0.me201211011550\uninstallApplication.jacl”时接收到异常；异常信息：com.ibm.ws.scripting.ScriptingException: WASX7280E: 不存在名称为“wabacus-demo”的应用程序。

---------------------------------------------------------------------------------------------------------------------------
MyEclipse: deployment END project: wabacus-demo server: websphere61Server#AppSrv02 time: Mon Jul 29 14:10:22 GMT+08:00 2013
---------------------------------------------------------------------------------------------------------------------------
--------------------------------------------------------------------------------------------------------------------------------------
MyEclipse: deployment START exploded project: wabacus-demo server: websphere61Server#AppSrv02 time: Mon Jul 29 14:11:04 GMT+08:00 2013
--------------------------------------------------------------------------------------------------------------------------------------
--------------------------------------------------------------------------------------------------------------------------------------
MyEclipse: deployment START exploded project: wabacus-demo server: websphere61Server#AppSrv02 time: Mon Jul 29 14:13:11 GMT+08:00 2013
--------------------------------------------------------------------------------------------------------------------------------------
WASX7209I: 使用 SOAP 连接器连接到节点 win2003Node01 上的进程“server1”；进程的类型为：UnManagedProcess
WASX7303I: 已将下列选项传递给脚本编制环境，并且作为存储在 argv 变量“[server1, wabacus-demo]”中的参数提供
server1
wabacus-demo
WASX7017E: 运行文件“D:\eclipseZone\MyEclipseBlue10\plugins\com.genuitec.eclipse.blue.websphere61_9.0.0.me201211011550\restartApplication.jacl”时接收到异常；异常信息：javax.management.MBeanException
com.ibm.ws.exception.RuntimeWarning: Application wabacus-demo not started

---------------------------------------------------------------------------------------------------------------------------
MyEclipse: deployment END project: wabacus-demo server: websphere61Server#AppSrv02 time: Mon Jul 29 14:13:16 GMT+08:00 2013
---------------------------------------------------------------------------------------------------------------------------
--------------------------------------------------------------------------------------------------------------------------------------
MyEclipse: deployment START exploded project: wabacus-demo server: websphere61Server#AppSrv02 time: Mon Jul 29 14:13:22 GMT+08:00 2013
--------------------------------------------------------------------------------------------------------------------------------------
WASX7209I: 使用 SOAP 连接器连接到节点 win2003Node01 上的进程“server1”；进程的类型为：UnManagedProcess
WASX7303I: 已将下列选项传递给脚本编制环境，并且作为存储在 argv 变量“[wabacus-demo]”中的参数提供
wabacus-demo
WASX7017E: 运行文件“D:\eclipseZone\MyEclipseBlue10\plugins\com.genuitec.eclipse.blue.websphere61_9.0.0.me201211011550\uninstallApplication.jacl”时接收到异常；异常信息：com.ibm.ws.scripting.ScriptingException: WASX7280E: 不存在名称为“wabacus-demo”的应用程序。

---------------------------------------------------------------------------------------------------------------------------
MyEclipse: deployment END project: wabacus-demo server: websphere61Server#AppSrv02 time: Mon Jul 29 14:13:26 GMT+08:00 2013
---------------------------------------------------------------------------------------------------------------------------
--------------------------------------------------------------------------------------------------------------------------------------
MyEclipse: deployment START exploded project: wabacus-demo server: websphere61Server#AppSrv02 time: Mon Jul 29 14:13:41 GMT+08:00 2013
--------------------------------------------------------------------------------------------------------------------------------------
--------------------------------------------------------------------------------------------------------------------------------------
MyEclipse: deployment START exploded project: wabacus-demo server: websphere61Server#AppSrv02 time: Mon Jul 29 14:13:58 GMT+08:00 2013
--------------------------------------------------------------------------------------------------------------------------------------
WASX7209I: 使用 SOAP 连接器连接到节点 win2003Node01 上的进程“server1”；进程的类型为：UnManagedProcess
WASX7303I: 已将下列选项传递给脚本编制环境，并且作为存储在 argv 变量“[server1, wabacus-demo]”中的参数提供
server1
wabacus-demo
WASX7017E: 运行文件“D:\eclipseZone\MyEclipseBlue10\plugins\com.genuitec.eclipse.blue.websphere61_9.0.0.me201211011550\restartApplication.jacl”时接收到异常；异常信息：javax.management.MBeanException
com.ibm.ws.exception.RuntimeWarning: Application wabacus-demo not started

---------------------------------------------------------------------------------------------------------------------------
MyEclipse: deployment END project: wabacus-demo server: websphere61Server#AppSrv02 time: Mon Jul 29 14:14:03 GMT+08:00 2013
---------------------------------------------------------------------------------------------------------------------------
--------------------------------------------------------------------------------------------------------------------------------------
MyEclipse: deployment START exploded project: wabacus-demo server: websphere61Server#AppSrv02 time: Mon Jul 29 14:14:19 GMT+08:00 2013
--------------------------------------------------------------------------------------------------------------------------------------
WASX7357I: 根据请求，此脚本编制客户机未连接到任何服务器进程。特定的配置和应用程序操作以本地方式可用。
WASX7303I: 已将下列选项传递给脚本编制环境，并且作为存储在 argv 变量“[wabacus-demo]”中的参数提供
wabacus-demo
WASX7017E: 运行文件“D:\eclipseZone\MyEclipseBlue10\plugins\com.genuitec.eclipse.blue.websphere61_9.0.0.me201211011550\uninstallApplication.jacl”时接收到异常；异常信息：com.ibm.ws.scripting.ScriptingException: WASX7280E: 不存在名称为“wabacus-demo”的应用程序。

---------------------------------------------------------------------------------------------------------------------------
MyEclipse: deployment END project: wabacus-demo server: websphere61Server#AppSrv02 time: Mon Jul 29 14:14:23 GMT+08:00 2013
---------------------------------------------------------------------------------------------------------------------------
--------------------------------------------------------------------------------------------------------------------------------------
MyEclipse: deployment START exploded project: wabacus-demo server: websphere61Server#AppSrv02 time: Mon Jul 29 14:14:42 GMT+08:00 2013
--------------------------------------------------------------------------------------------------------------------------------------
--------------------------------------------------------------------------------------------------------------------------------------
MyEclipse: deployment START exploded project: wabacus-demo server: websphere61Server#AppSrv02 time: Mon Jul 29 14:18:58 GMT+08:00 2013
--------------------------------------------------------------------------------------------------------------------------------------
WASX7209I: 使用 SOAP 连接器连接到节点 win2003Node01 上的进程“server1”；进程的类型为：UnManagedProcess
WASX7303I: 已将下列选项传递给脚本编制环境，并且作为存储在 argv 变量“[wabacus-demo]”中的参数提供
wabacus-demo
WASX7017E: 运行文件“D:\eclipseZone\MyEclipseBlue10\plugins\com.genuitec.eclipse.blue.websphere61_9.0.0.me201211011550\uninstallApplication.jacl”时接收到异常；异常信息：com.ibm.ws.scripting.ScriptingException: WASX7280E: 不存在名称为“wabacus-demo”的应用程序。

---------------------------------------------------------------------------------------------------------------------------
MyEclipse: deployment END project: wabacus-demo server: websphere61Server#AppSrv02 time: Mon Jul 29 14:19:04 GMT+08:00 2013
---------------------------------------------------------------------------------------------------------------------------
--------------------------------------------------------------------------------------------------------------------------------------
MyEclipse: deployment START exploded project: wabacus-demo server: websphere61Server#AppSrv02 time: Mon Jul 29 14:19:18 GMT+08:00 2013
--------------------------------------------------------------------------------------------------------------------------------------
--------------------------------------------------------------------------------------------------------------------------------------
MyEclipse: deployment START exploded project: wabacus-demo server: websphere61Server#AppSrv02 time: Mon Jul 29 14:20:00 GMT+08:00 2013
--------------------------------------------------------------------------------------------------------------------------------------
WASX7209I: 使用 SOAP 连接器连接到节点 win2003Node01 上的进程“server1”；进程的类型为：UnManagedProcess
WASX7303I: 已将下列选项传递给脚本编制环境，并且作为存储在 argv 变量“[server1, wabacus-demo]”中的参数提供
server1
wabacus-demo
WASX7017E: 运行文件“D:\eclipseZone\MyEclipseBlue10\plugins\com.genuitec.eclipse.blue.websphere61_9.0.0.me201211011550\restartApplication.jacl”时接收到异常；异常信息：javax.management.MBeanException
com.ibm.ws.exception.RuntimeWarning: Application wabacus-demo not started

---------------------------------------------------------------------------------------------------------------------------
MyEclipse: deployment END project: wabacus-demo server: websphere61Server#AppSrv02 time: Mon Jul 29 14:20:04 GMT+08:00 2013
---------------------------------------------------------------------------------------------------------------------------
--------------------------------------------------------------------------------------------------------------------------------------
MyEclipse: deployment START exploded project: wabacus-demo server: websphere61Server#AppSrv02 time: Mon Jul 29 14:21:26 GMT+08:00 2013
--------------------------------------------------------------------------------------------------------------------------------------
WASX7209I: 使用 SOAP 连接器连接到节点 win2003Node01 上的进程“server1”；进程的类型为：UnManagedProcess
WASX7303I: 已将下列选项传递给脚本编制环境，并且作为存储在 argv 变量“[wabacus-demo]”中的参数提供
wabacus-demo
WASX7017E: 运行文件“D:\eclipseZone\MyEclipseBlue10\plugins\com.genuitec.eclipse.blue.websphere61_9.0.0.me201211011550\uninstallApplication.jacl”时接收到异常；异常信息：com.ibm.ws.scripting.ScriptingException: WASX7280E: 不存在名称为“wabacus-demo”的应用程序。

---------------------------------------------------------------------------------------------------------------------------
MyEclipse: deployment END project: wabacus-demo server: websphere61Server#AppSrv02 time: Mon Jul 29 14:21:31 GMT+08:00 2013
---------------------------------------------------------------------------------------------------------------------------
--------------------------------------------------------------------------------------------------------------------------------------
MyEclipse: deployment START exploded project: wabacus-demo server: websphere61Server#AppSrv02 time: Mon Jul 29 20:26:24 GMT+08:00 2013
--------------------------------------------------------------------------------------------------------------------------------------
WASX7357I: 根据请求，此脚本编制客户机未连接到任何服务器进程。特定的配置和应用程序操作以本地方式可用。
JVMDUMP006I Processing dump event "systhrow", detail "java/lang/OutOfMemoryError" - please wait.
JVMDUMP032I JVM requested Snap dump using 'D:\eclipseZone\MyEclipseBlue10\Snap.20130729.202627.6596.0001.trc' in response to an event
UTE001: Error starting trace thread for "Snap Dump Thread": -1
JVMDUMP010I Snap dump written to D:\eclipseZone\MyEclipseBlue10\Snap.20130729.202627.6596.0001.trc
JVMDUMP032I JVM requested Heap dump using 'D:\eclipseZone\MyEclipseBlue10\heapdump.20130729.202627.6596.0002.phd' in response to an event
JVMDUMP010I Heap dump written to D:\eclipseZone\MyEclipseBlue10\heapdump.20130729.202627.6596.0002.phd
JVMDUMP032I JVM requested Java dump using 'D:\eclipseZone\MyEclipseBlue10\javacore.20130729.202627.6596.0003.txt' in response to an event
JVMDUMP010I Java dump written to D:\eclipseZone\MyEclipseBlue10\javacore.20130729.202627.6596.0003.txt
JVMDUMP013I Processed dump event "systhrow", detail "java/lang/OutOfMemoryError".
JVMDUMP006I Processing dump event "systhrow", detail "java/lang/OutOfMemoryError" - please wait.
JVMDUMP032I JVM requested Snap dump using 'D:\eclipseZone\MyEclipseBlue10\Snap.20130729.202628.6596.0004.trc' in response to an event
JVMDUMP012E Error in Snap dump: {snap already in progress}
JVMDUMP032I JVM requested Heap dump using 'D:\eclipseZone\MyEclipseBlue10\heapdump.20130729.202628.6596.0005.phd' in response to an event
JVMDUMP010I Heap dump written to D:\eclipseZone\MyEclipseBlue10\heapdump.20130729.202628.6596.0005.phd
JVMDUMP032I JVM requested Java dump using 'D:\eclipseZone\MyEclipseBlue10\javacore.20130729.202628.6596.0006.txt' in response to an event
UTE430: can't allocate buffer
UTE437: Unable to load formatStrings for j9mm
JVMDUMP010I Java dump written to D:\eclipseZone\MyEclipseBlue10\javacore.20130729.202628.6596.0006.txt
JVMDUMP013I Processed dump event "systhrow", detail "java/lang/OutOfMemoryError".
JVMDUMP006I Processing dump event "systhrow", detail "java/lang/OutOfMemoryError" - please wait.
JVMDUMP032I JVM requested Snap dump using 'D:\eclipseZone\MyEclipseBlue10\Snap.20130729.202628.6596.0007.trc' in response to an event
JVMDUMP012E Error in Snap dump: {snap already in progress}
JVMDUMP032I JVM requested Heap dump using 'D:\eclipseZone\MyEclipseBlue10\heapdump.20130729.202628.6596.0008.phd' in response to an event
JVMDUMP010I Heap dump written to D:\eclipseZone\MyEclipseBlue10\heapdump.20130729.202628.6596.0008.phd
JVMDUMP032I JVM requested Java dump using 'D:\eclipseZone\MyEclipseBlue10\javacore.20130729.202628.6596.0009.txt' in response to an event
JVMDUMP010I Java dump written to D:\eclipseZone\MyEclipseBlue10\javacore.20130729.202628.6596.0009.txt
JVMDUMP013I Processed dump event "systhrow", detail "java/lang/OutOfMemoryError".
JVMDUMP006I Processing dump event "systhrow", detail "java/lang/OutOfMemoryError" - please wait.
JVMDUMP032I JVM requested Snap dump using 'D:\eclipseZone\MyEclipseBlue10\Snap.20130729.202628.6596.0010.trc' in response to an event
JVMDUMP012E Error in Snap dump: {snap already in progress}
JVMDUMP032I JVM requested Heap dump using 'D:\eclipseZone\MyEclipseBlue10\heapdump.20130729.202628.6596.0011.phd' in response to an event
JVMDUMP010I Heap dump written to D:\eclipseZone\MyEclipseBlue10\heapdump.20130729.202628.6596.0011.phd
JVMDUMP032I JVM requested Java dump using 'D:\eclipseZone\MyEclipseBlue10\javacore.20130729.202628.6596.0012.txt' in response to an event
JVMDUMP010I Java dump written to D:\eclipseZone\MyEclipseBlue10\javacore.20130729.202628.6596.0012.txt
JVMDUMP013I Processed dump event "systhrow", detail "java/lang/OutOfMemoryError".
WASX8011W: AdminTask 对象不可用。
WASX7303I: 已将下列选项传递给脚本编制环境，并且作为存储在 argv 变量“[D:\\IBM\\profiles\\AppSrv02\\installableApps\\WabacusDemo.war, theoneNode02Cell, win2003Node01, server1, /WabacusDemo, wabacus-demo, {{"WabacusDemo.war" "WabacusDemo.war,WEB-INF/web.xml" default_host}}, {{"null" "WabacusDemo.war,WEB-INF/ibm-web-ext.xmi"AppDeploymentOption.Yes 1}}, WabacusDemo.war, false]”中的参数提供
-contextroot "/WabacusDemo" -server "server1" -nopreCompileJSPs -distributeApp -useMetaDataFromBinary -nodeployejb -appname "wabacus-demo" -createMBeansForResources -reloadEnabled -reloadInterval 1 -deployws -validateinstall off -noprocessEmbeddedConfig  -filepermission .*.dll=755#.*.so=755#.*.a=755#.*.sl=755  -buildVersion Unknown  -noallowDispatchRemoteInclude  -noallowServiceRemoteInclude  -MapWebModToVH {{"WabacusDemo.war" "WabacusDemo.war,WEB-INF/web.xml" default_host}} -JSPReloadForWebMod {{"null" "WabacusDemo.war,WEB-INF/ibm-web-ext.xmi"AppDeploymentOption.Yes 1}}
D:\IBM\profiles\AppSrv02\installableApps\WabacusDemo.war
theoneNode02Cell
win2003Node01
server1
/WabacusDemo
wabacus-demo
{"WabacusDemo.war" "WabacusDemo.war,WEB-INF/web.xml" default_host}
{"null" "WabacusDemo.war,WEB-INF/ibm-web-ext.xmi"AppDeploymentOption.Yes 1}
WabacusDemo.war
false
java.lang.reflect.InvocationTargetException
	at sun.reflect.NativeMethodAccessorImpl.invoke0(Native Method)
	at sun.reflect.NativeMethodAccessorImpl.invoke(NativeMethodAccessorImpl.java:79)
	at sun.reflect.DelegatingMethodAccessorImpl.invoke(DelegatingMethodAccessorImpl.java:43)
	at java.lang.reflect.Method.invoke(Method.java:618)
	at com.ibm.wsspi.bootstrap.WSLauncher.launchMain(WSLauncher.java:183)
	at com.ibm.wsspi.bootstrap.WSLauncher.main(WSLauncher.java:90)
	at com.ibm.wsspi.bootstrap.WSLauncher.run(WSLauncher.java:72)
	at org.eclipse.core.internal.runtime.PlatformActivator$1.run(PlatformActivator.java:78)
	at org.eclipse.core.runtime.internal.adaptor.EclipseAppLauncher.runApplication(EclipseAppLauncher.java:92)
	at org.eclipse.core.runtime.internal.adaptor.EclipseAppLauncher.start(EclipseAppLauncher.java:68)
	at org.eclipse.core.runtime.adaptor.EclipseStarter.run(EclipseStarter.java:400)
	at org.eclipse.core.runtime.adaptor.EclipseStarter.run(EclipseStarter.java:177)
	at sun.reflect.NativeMethodAccessorImpl.invoke0(Native Method)
	at sun.reflect.NativeMethodAccessorImpl.invoke(NativeMethodAccessorImpl.java:79)
	at sun.reflect.DelegatingMethodAccessorImpl.invoke(DelegatingMethodAccessorImpl.java:43)
	at java.lang.reflect.Method.invoke(Method.java:618)
	at org.eclipse.core.launcher.Main.invokeFramework(Main.java:340)
	at org.eclipse.core.launcher.Main.basicRun(Main.java:282)
	at org.eclipse.core.launcher.Main.run(Main.java:981)
	at com.ibm.wsspi.bootstrap.WSPreLauncher.launchEclipse(WSPreLauncher.java:339)
	at com.ibm.wsspi.bootstrap.WSPreLauncher.main(WSPreLauncher.java:94)
Caused by: java.lang.OutOfMemoryError
	at java.lang.ClassLoader.defineClassImpl(Native Method)
	at java.lang.ClassLoader.defineClass(ClassLoader.java:267)
	at org.eclipse.osgi.internal.baseadaptor.DefaultClassLoader.defineClass(DefaultClassLoader.java:160)
	at org.eclipse.osgi.baseadaptor.loader.ClasspathManager.defineClass(ClasspathManager.java:550)
	at org.eclipse.osgi.baseadaptor.loader.ClasspathManager.findClassImpl(ClasspathManager.java:520)
	at org.eclipse.osgi.baseadaptor.loader.ClasspathManager.findLocalClassImpl(ClasspathManager.java:451)
	at org.eclipse.osgi.baseadaptor.loader.ClasspathManager.findLocalClass_LockClassName(ClasspathManager.java:430)
	at org.eclipse.osgi.baseadaptor.loader.ClasspathManager.findLocalClass(ClasspathManager.java:417)
	at org.eclipse.osgi.internal.baseadaptor.DefaultClassLoader.findLocalClass(DefaultClassLoader.java:188)
	at org.eclipse.osgi.framework.internal.core.BundleLoader.findLocalClass(BundleLoader.java:334)
	at org.eclipse.osgi.framework.internal.core.BundleLoader.findClass(BundleLoader.java:386)
	at org.eclipse.osgi.framework.internal.core.BundleLoader.findClass(BundleLoader.java:347)
	at org.eclipse.osgi.internal.baseadaptor.DefaultClassLoader.loadClass(DefaultClassLoader.java:83)
	at java.lang.ClassLoader.loadClass(ClassLoader.java:606)
	at java.lang.Class.getDeclaredMethodsImpl(Native Method)
	at java.lang.Class.getDeclaredMethods(Class.java:664)
	at tcl.lang.FuncSig.getAccessibleInstanceMethods(FuncSig.java:1201)
	at tcl.lang.FuncSig.matchSignature(FuncSig.java:391)
	at tcl.lang.FuncSig.get(FuncSig.java:267)
	at tcl.lang.JavaInvoke.callMethod(JavaInvoke.java:111)
	at tcl.lang.ReflectObject.cmdProc(ReflectObject.java:914)
	at tcl.lang.Parser.evalObjv(Parser.java:818)
	at tcl.lang.Parser.eval2(Parser.java:1221)
	at tcl.lang.Interp.eval(Interp.java:2222)
	at tcl.lang.Interp.eval(Interp.java:2276)
	at com.ibm.bsf.engines.jacl.JaclEngine.eval(Unknown Source)
	at com.ibm.bsf.util.BSFEngineImpl.exec(Unknown Source)
	at com.ibm.bsf.BSFManager$6.run(Unknown Source)
	at java.security.AccessController.doPrivileged(AccessController.java:241)
	at com.ibm.bsf.BSFManager.exec(Unknown Source)
	at com.ibm.ws.scripting.AbstractShell.executeScript(AbstractShell.java:1013)
	at com.ibm.ws.scripting.AbstractShell.run(AbstractShell.java:1988)
	at com.ibm.ws.scripting.WasxShell.main(WasxShell.java:1025)
	... 21 more
Exception in thread "Thread-8" java.lang.NoClassDefFoundError: com.ibm.ws.sm.validation.ValidationHelper
	at com.ibm.ws.management.configservice.ConfigServiceImpl.discard(ConfigServiceImpl.java:656)
	at com.ibm.ws.scripting.AdminConfigClient.reset(AdminConfigClient.java:2872)
	at com.ibm.ws.scripting.WasxShell.leaving(WasxShell.java:1001)
	at com.ibm.ws.scripting.WasxShell$1.run(WasxShell.java:1039)
Caused by: java.lang.ClassNotFoundException: com.ibm.ws.sm.validation.ValidationHelper
	at org.eclipse.osgi.framework.internal.core.BundleLoader.findClass(BundleLoader.java:402)
	at org.eclipse.osgi.framework.internal.core.BundleLoader.findClass(BundleLoader.java:347)
	at org.eclipse.osgi.internal.baseadaptor.DefaultClassLoader.loadClass(DefaultClassLoader.java:83)
	at java.lang.ClassLoader.loadClass(ClassLoader.java:606)
	... 4 more
---------------------------------------------------------------------------------------------------------------------------
MyEclipse: deployment END project: wabacus-demo server: websphere61Server#AppSrv02 time: Mon Jul 29 20:26:30 GMT+08:00 2013
---------------------------------------------------------------------------------------------------------------------------
--------------------------------------------------------------------------------------------------------------------------------------
MyEclipse: deployment START exploded project: wabacus-demo server: websphere61Server#AppSrv02 time: Mon Jul 29 20:26:58 GMT+08:00 2013
--------------------------------------------------------------------------------------------------------------------------------------
WASX7357I: 根据请求，此脚本编制客户机未连接到任何服务器进程。特定的配置和应用程序操作以本地方式可用。
WASX7303I: 已将下列选项传递给脚本编制环境，并且作为存储在 argv 变量“[wabacus-demo]”中的参数提供
wabacus-demo
WASX7017E: 运行文件“D:\eclipseZone\MyEclipseBlue10\plugins\com.genuitec.eclipse.blue.websphere61_9.0.0.me201211011550\uninstallApplication.jacl”时接收到异常；异常信息：com.ibm.ws.scripting.ScriptingException: WASX7280E: 不存在名称为“wabacus-demo”的应用程序。

---------------------------------------------------------------------------------------------------------------------------
MyEclipse: deployment END project: wabacus-demo server: websphere61Server#AppSrv02 time: Mon Jul 29 20:27:02 GMT+08:00 2013
---------------------------------------------------------------------------------------------------------------------------
--------------------------------------------------------------------------------------------------------------------------------------
MyEclipse: deployment START exploded project: wabacus-demo server: websphere61Server#AppSrv02 time: Mon Jul 29 20:27:20 GMT+08:00 2013
--------------------------------------------------------------------------------------------------------------------------------------
WASX7357I: 根据请求，此脚本编制客户机未连接到任何服务器进程。特定的配置和应用程序操作以本地方式可用。
WASX7303I: 已将下列选项传递给脚本编制环境，并且作为存储在 argv 变量“[D:\\IBM\\profiles\\AppSrv02\\installableApps\\WabacusDemo.war, theoneNode02Cell, win2003Node01, server1, /WabacusDemo, wabacus-demo, {{"WabacusDemo.war" "WabacusDemo.war,WEB-INF/web.xml" default_host}}, {{"null" "WabacusDemo.war,WEB-INF/ibm-web-ext.xmi"AppDeploymentOption.Yes 1}}, WabacusDemo.war, false]”中的参数提供
-contextroot "/WabacusDemo" -server "server1" -nopreCompileJSPs -distributeApp -useMetaDataFromBinary -nodeployejb -appname "wabacus-demo" -createMBeansForResources -reloadEnabled -reloadInterval 1 -deployws -validateinstall off -noprocessEmbeddedConfig  -filepermission .*.dll=755#.*.so=755#.*.a=755#.*.sl=755  -buildVersion Unknown  -noallowDispatchRemoteInclude  -noallowServiceRemoteInclude  -MapWebModToVH {{"WabacusDemo.war" "WabacusDemo.war,WEB-INF/web.xml" default_host}} -JSPReloadForWebMod {{"null" "WabacusDemo.war,WEB-INF/ibm-web-ext.xmi"AppDeploymentOption.Yes 1}}
D:\IBM\profiles\AppSrv02\installableApps\WabacusDemo.war
theoneNode02Cell
win2003Node01
server1
/WabacusDemo
wabacus-demo
{"WabacusDemo.war" "WabacusDemo.war,WEB-INF/web.xml" default_host}
{"null" "WabacusDemo.war,WEB-INF/ibm-web-ext.xmi"AppDeploymentOption.Yes 1}
WabacusDemo.war
false
WASX7327I: was.policy 文件的内容：
//
// Template policy file for enterprise application.
// Extra permissions can be added if required by the enterprise application.
//
// NOTE: Syntax errors in the policy files will cause the enterprise application FAIL to start.
//       Extreme care should be taken when editing these policy files. It is advised to use
//       the policytool provided by the JDK for editing the policy files
//       (WAS_HOME/java/jre/bin/policytool). 
//

grant codeBase "file:${application}" {
};

grant codeBase "file:${jars}" {
};

grant codeBase "file:${connectorComponent}" {
};

grant codeBase "file:${webComponent}" {
};

grant codeBase "file:${ejbComponent}" {
};


ADMA5016I: 安装 wabacus-demo 已启动。
ADMA5058I: 已使用部署目标的版本验证应用程序和模块版本。
WSWS0041I: Web Service 部署任务成功完成。
ADMA5005I: 在 WebSphere Application Server 存储库中配置了应用程序 wabacus-demo。
ADMA5053I: 创建了已安装的任选软件包的库引用。
ADMA5005I: 在 WebSphere Application Server 存储库中配置了应用程序 wabacus-demo。
ADMA5001I: 应用程序二进制文件保存在 D:\IBM\profiles\AppSrv02\wstemp\Script1402a65b16a\workspace\cells\theoneNode02Cell\applications\wabacus-demo.ear\wabacus-demo.ear 中
ADMA5005I: 在 WebSphere Application Server 存储库中配置了应用程序 wabacus-demo。
SECJ0400I: 成功地用 appContextIDForSecurity 信息更新了应用程序 wabacus-demo。
ADMA5011I: 清除应用程序 wabacus-demo 的 temp 目录已完成。
ADMA5013I: 应用程序 wabacus-demo 安装成功。
---------------------------------------------------------------------------------------------------------------------------
MyEclipse: deployment END project: wabacus-demo server: websphere61Server#AppSrv02 time: Mon Jul 29 20:27:51 GMT+08:00 2013
---------------------------------------------------------------------------------------------------------------------------
--------------------------------------------------------------------------------------------------------------------------------------
MyEclipse: deployment START exploded project: wabacus-demo server: websphere61Server#AppSrv02 time: Mon Jul 29 20:28:59 GMT+08:00 2013
--------------------------------------------------------------------------------------------------------------------------------------
WASX7357I: 根据请求，此脚本编制客户机未连接到任何服务器进程。特定的配置和应用程序操作以本地方式可用。
WASX7303I: 已将下列选项传递给脚本编制环境，并且作为存储在 argv 变量“[wabacus-demo]”中的参数提供
wabacus-demo
ADMA5017I: 卸载 wabacus-demo 已启动。
ADMA5104I: 已成功更新 WebSphere:cell=theoneNode02Cell,node=win2003Node01 的服务器索引条目。
ADMA5102I: 已成功从配置库删除 wabacus-demo 的配置数据。
ADMA5011I: 清除应用程序 wabacus-demo 的 temp 目录已完成。
ADMA5106I: 已成功卸载应用程序 wabacus-demo。
---------------------------------------------------------------------------------------------------------------------------
MyEclipse: deployment END project: wabacus-demo server: websphere61Server#AppSrv02 time: Mon Jul 29 20:29:05 GMT+08:00 2013
---------------------------------------------------------------------------------------------------------------------------
